Copyright 1986-2020 Xilinx, Inc. All Rights Reserved.
-----------------------------------------------------------------------------------------------------------------------------------------------------------------------
| Tool Version : Vivado v.2020.2 (win64) Build 3064766 Wed Nov 18 09:12:45 MST 2020
| Date         : Sat Sep  2 18:08:25 2023
| Host         : LAPTOP-1GE83082 running 64-bit major release  (build 9200)
| Command      : report_methodology -file convolution_methodology_drc_routed.rpt -pb convolution_methodology_drc_routed.pb -rpx convolution_methodology_drc_routed.rpx
| Design       : convolution
| Device       : xc7z010clg400-1
| Speed File   : -1
| Design State : Fully Routed
-----------------------------------------------------------------------------------------------------------------------------------------------------------------------

Report Methodology

Table of Contents
-----------------
1. REPORT SUMMARY
2. REPORT DETAILS

1. REPORT SUMMARY
-----------------
            Netlist: netlist
          Floorplan: design_1
      Design limits: <entire design considered>
             Max violations: <unlimited>
             Violations found: 20
+-----------+----------+-------------------------------+------------+
| Rule      | Severity | Description                   | Violations |
+-----------+----------+-------------------------------+------------+
| TIMING-18 | Warning  | Missing input or output delay | 20         |
+-----------+----------+-------------------------------+------------+

2. REPORT DETAILS
-----------------
TIMING-18#1 Warning
Missing input or output delay  
An input delay is missing on if_signal relative to clock(s) clock
Related violations: <none>

TIMING-18#2 Warning
Missing input or output delay  
An input delay is missing on reset relative to clock(s) clock
Related violations: <none>

TIMING-18#3 Warning
Missing input or output delay  
An input delay is missing on x[0] relative to clock(s) clock
Related violations: <none>

TIMING-18#4 Warning
Missing input or output delay  
An input delay is missing on x[1] relative to clock(s) clock
Related violations: <none>

TIMING-18#5 Warning
Missing input or output delay  
An input delay is missing on x[2] relative to clock(s) clock
Related violations: <none>

TIMING-18#6 Warning
Missing input or output delay  
An input delay is missing on x[3] relative to clock(s) clock
Related violations: <none>

TIMING-18#7 Warning
Missing input or output delay  
An input delay is missing on x[4] relative to clock(s) clock
Related violations: <none>

TIMING-18#8 Warning
Missing input or output delay  
An input delay is missing on x[5] relative to clock(s) clock
Related violations: <none>

TIMING-18#9 Warning
Missing input or output delay  
An input delay is missing on x[6] relative to clock(s) clock
Related violations: <none>

TIMING-18#10 Warning
Missing input or output delay  
An input delay is missing on x[7] relative to clock(s) clock
Related violations: <none>

TIMING-18#11 Warning
Missing input or output delay  
An input delay is missing on x_valid relative to clock(s) clock
Related violations: <none>

TIMING-18#12 Warning
Missing input or output delay  
An output delay is missing on y[0] relative to clock(s) clock
Related violations: <none>

TIMING-18#13 Warning
Missing input or output delay  
An output delay is missing on y[1] relative to clock(s) clock
Related violations: <none>

TIMING-18#14 Warning
Missing input or output delay  
An output delay is missing on y[2] relative to clock(s) clock
Related violations: <none>

TIMING-18#15 Warning
Missing input or output delay  
An output delay is missing on y[3] relative to clock(s) clock
Related violations: <none>

TIMING-18#16 Warning
Missing input or output delay  
An output delay is missing on y[4] relative to clock(s) clock
Related violations: <none>

TIMING-18#17 Warning
Missing input or output delay  
An output delay is missing on y[5] relative to clock(s) clock
Related violations: <none>

TIMING-18#18 Warning
Missing input or output delay  
An output delay is missing on y[6] relative to clock(s) clock
Related violations: <none>

TIMING-18#19 Warning
Missing input or output delay  
An output delay is missing on y[7] relative to clock(s) clock
Related violations: <none>

TIMING-18#20 Warning
Missing input or output delay  
An output delay is missing on y_valid relative to clock(s) clock
Related violations: <none>


